<?xml version="1.0" encoding="UTF-8"?>
<testng-results ignored="0" total="1" passed="1" failed="0" skipped="0">
  <reporter-output>
  </reporter-output>
  <suite started-at="2023-08-24T18:02:07 IST" name="Suite" finished-at="2023-08-24T18:02:45 IST" duration-ms="37971">
    <groups>
      <group name="cucumber">
        <method signature="AbstractTestNGCucumberTests.runScenario(io.cucumber.testng.PickleWrapper,io.cucumber.testng.FeatureWrapper)[pri:0, instance:Test_Runner.TestRunner@6e2aa843]" name="runScenario" class="io.cucumber.testng.AbstractTestNGCucumberTests"/>
      </group> <!-- cucumber -->
    </groups>
    <test started-at="2023-08-24T18:02:07 IST" name="Test" finished-at="2023-08-24T18:02:45 IST" duration-ms="37971">
      <class name="Test_Runner.TestRunner">
        <test-method is-config="true" signature="setUpClass(org.testng.ITestContext)[pri:0, instance:Test_Runner.TestRunner@6e2aa843]" started-at="2023-08-24T18:02:07 IST" name="setUpClass" finished-at="2023-08-24T18:02:07 IST" duration-ms="578" status="PASS">
          <params>
            <param index="0">
              <value>
                <![CDATA[org.testng.TestRunner@4ebfb045]]>
              </value>
            </param>
          </params>
          <reporter-output>
          </reporter-output>
        </test-method> <!-- setUpClass -->
        <test-method signature="runScenario(io.cucumber.testng.PickleWrapper,io.cucumber.testng.FeatureWrapper)[pri:0, instance:Test_Runner.TestRunner@6e2aa843]" started-at="2023-08-24T18:02:07 IST" name="runScenario" description="Runs Cucumber Scenarios" data-provider="scenarios" finished-at="2023-08-24T18:02:41 IST" duration-ms="33989" status="PASS">
          <params>
            <param index="0">
              <value>
                <![CDATA["Login to SwagLabs application with Valid Crendentials"]]>
              </value>
            </param>
            <param index="1">
              <value>
                <![CDATA["Login To SwagLabs Functionality"]]>
              </value>
            </param>
          </params>
          <reporter-output>
          </reporter-output>
        </test-method> <!-- runScenario -->
        <test-method is-config="true" signature="tearDownClass()[pri:0, instance:Test_Runner.TestRunner@6e2aa843]" started-at="2023-08-24T18:02:41 IST" name="tearDownClass" finished-at="2023-08-24T18:02:45 IST" duration-ms="3333" status="PASS">
          <reporter-output>
          </reporter-output>
        </test-method> <!-- tearDownClass -->
      </class> <!-- Test_Runner.TestRunner -->
    </test> <!-- Test -->
  </suite> <!-- Suite -->
</testng-results>
